Building DAG of jobs...
Using shell: /usr/bin/bash
Provided cores: 1 (use --cores to define parallelism)
Rules claiming more threads will be scaled down.
Job stats:
job                               count    min threads    max threads
------------------------------  -------  -------------  -------------
all                                   1              1              1
compute_differential_indegrees        1              1              1
total                                 2              1              1

Select jobs to execute...

[Wed Feb 12 13:54:57 2025]
Job 1: ; Running differential indegree computation on data/geo_brca/metadata.csv data/geo_brca/filtered_cos_indegree.csv.
Reason: Missing output files: snakemake_results/differential_indegrees/differential_indegrees.tsv, snakemake_results/differential_indegrees/differential_indegrees.RData


        Rscript bin/preprocessing/compute_diff_indegrees.R             -i data/geo_brca/filtered_cos_indegree.csv             -m data/geo_brca/metadata.csv             -o snakemake_results/differential_indegrees
        
[Wed Feb 12 13:54:57 2025]
Error in rule compute_differential_indegrees:
    jobid: 1
    input: data/geo_brca/metadata.csv, data/geo_brca/filtered_cos_indegree.csv
    output: snakemake_results/differential_indegrees/differential_indegrees.tsv, snakemake_results/differential_indegrees/differential_indegrees.RData
    shell:
        
        Rscript bin/preprocessing/compute_diff_indegrees.R             -i data/geo_brca/filtered_cos_indegree.csv             -m data/geo_brca/metadata.csv             -o snakemake_results/differential_indegrees
        
        (one of the commands exited with non-zero exit code; note that snakemake uses bash strict mode!)

Shutting down, this might take some time.
Exiting because a job execution failed. Look above for error message
Complete log: .snakemake/log/2025-02-12T135456.799779.snakemake.log
